<?xml version="1.0" encoding="UTF-8"?>
<testsuite name="cs1501_p3.PracticePQTest" tests="5" skipped="0" failures="0" errors="0" timestamp="2021-11-05T01:24:02" hostname="zu-mac.local" time="0.044">
  <properties/>
  <testcase name="Add/Get" classname="cs1501_p3.PracticePQTest" time="0.007"/>
  <testcase name="Remove" classname="cs1501_p3.PracticePQTest" time="0.008"/>
  <testcase name="Update" classname="cs1501_p3.PracticePQTest" time="0.004"/>
  <testcase name="Get for specific make/model" classname="cs1501_p3.PracticePQTest" time="0.013"/>
  <testcase name="Get from all" classname="cs1501_p3.PracticePQTest" time="0.006"/>
  <system-out><![CDATA[]]></system-out>
  <system-err><![CDATA[]]></system-err>
</testsuite>
